#
# There is insufficient memory for the Java Runtime Environment to continue.
# Native memory allocation (malloc) failed to allocate 1121360 bytes for Chunk::new
# Possible reasons:
#   The system is out of physical RAM or swap space
#   In 32 bit mode, the process size limit was hit
# Possible solutions:
#   Reduce memory load on the system
#   Increase physical memory or swap space
#   Check if swap backing store is full
#   Use 64 bit Java on a 64 bit OS
#   Decrease Java heap size (-Xmx/-Xms)
#   Decrease number of Java threads
#   Decrease Java thread stack sizes (-Xss)
#   Set larger code cache with -XX:ReservedCodeCacheSize=
# This output file may be truncated or incomplete.
#
#  Out of Memory Error (allocation.cpp:390), pid=4568, tid=0x0000000000000540
#
# JRE version: Java(TM) SE Runtime Environment (8.0_131-b11) (build 1.8.0_131-b11)
# Java VM: Java HotSpot(TM) 64-Bit Server VM (25.131-b11 mixed mode windows-amd64 compressed oops)
# Failed to write core dump. Minidumps are not enabled by default on client versions of Windows
#

---------------  T H R E A D  ---------------

Current thread (0x0000000017a29000):  JavaThread "C2 CompilerThread1" daemon [_thread_in_native, id=1344, stack(0x0000000018120000,0x0000000018220000)]

Stack: [0x0000000018120000,0x0000000018220000]
[error occurred during error reporting (printing stack bounds), id 0xc0000005]

Native frames: (J=compiled Java code, j=interpreted, Vv=VM code, C=native code)


Current CompileTask:
C2:   6723 2963       4       java.security.SecureClassLoader::defineClass (16 bytes)


---------------  P R O C E S S  ---------------

Java Threads: ( => current thread )
  0x0000000019cd9800 JavaThread "Build operations Thread 4" [_thread_blocked, id=8524, stack(0x0000000021bb0000,0x0000000021cb0000)]
  0x0000000019cdd000 JavaThread "Build operations Thread 3" [_thread_blocked, id=8900, stack(0x0000000021940000,0x0000000021a40000)]
  0x0000000019cd8800 JavaThread "Build operations Thread 2" [_thread_blocked, id=7928, stack(0x0000000021560000,0x0000000021660000)]
  0x0000000019cd7000 JavaThread "Build operations" [_thread_blocked, id=2248, stack(0x0000000021460000,0x0000000021560000)]
  0x0000000019748800 JavaThread "Cache worker for execution history cache (C:\Users\zhc-2\.gradle\caches\5.1.1\executionHistory)" [_thread_blocked, id=9176, stack(0x0000000021070000,0x0000000021170000)]
  0x000000001974e800 JavaThread "Cache worker for cache directory md-rule (C:\Users\zhc-2\.gradle\caches\5.1.1\md-rule)" [_thread_blocked, id=8364, stack(0x000000001fb40000,0x000000001fc40000)]
  0x0000000019749800 JavaThread "Cache worker for cache directory md-supplier (C:\Users\zhc-2\.gradle\caches\5.1.1\md-supplier)" [_thread_blocked, id=7388, stack(0x000000001fa40000,0x000000001fb40000)]
  0x000000001974e000 JavaThread "Cache worker for file hash cache (C:\code\code\Android\QMCFLAC\.gradle\5.1.1\fileHashes)" [_thread_blocked, id=8116, stack(0x000000001d140000,0x000000001d240000)]
  0x000000001974b800 JavaThread "Cache worker for journal cache (C:\Users\zhc-2\.gradle\caches\journal-1)" [_thread_blocked, id=8864, stack(0x000000001ada0000,0x000000001aea0000)]
  0x000000001974d000 JavaThread "File lock request listener" [_thread_in_native, id=2068, stack(0x000000001aca0000,0x000000001ada0000)]
  0x000000001974c800 JavaThread "Cache worker for file hash cache (C:\Users\zhc-2\.gradle\caches\5.1.1\fileHashes)" [_thread_blocked, id=6628, stack(0x000000001aba0000,0x000000001aca0000)]
  0x00000000195bb800 JavaThread "Thread-9" [_thread_blocked, id=4376, stack(0x000000001aaa0000,0x000000001aba0000)]
  0x00000000195dc000 JavaThread "Stdin handler" [_thread_blocked, id=5392, stack(0x000000001a9a0000,0x000000001aaa0000)]
  0x00000000195db800 JavaThread "Asynchronous log dispatcher for DefaultDaemonConnection: socket connection from /127.0.0.1:51225 to /127.0.0.1:51226" [_thread_blocked, id=10224, stack(0x000000001a8a0000,0x000000001a9a0000)]
  0x00000000195b2800 JavaThread "Daemon worker" [_thread_in_native, id=9564, stack(0x000000001a7a0000,0x000000001a8a0000)]
  0x00000000195b1800 JavaThread "Cancel handler" [_thread_blocked, id=7548, stack(0x000000001a6a0000,0x000000001a7a0000)]
  0x0000000019631000 JavaThread "Handler for socket connection from /127.0.0.1:51225 to /127.0.0.1:51226" [_thread_in_native, id=5892, stack(0x000000001a3a0000,0x000000001a4a0000)]
  0x000000001962e800 JavaThread "Daemon" [_thread_blocked, id=2700, stack(0x000000001a2a0000,0x000000001a3a0000)]
  0x0000000019619000 JavaThread "Daemon periodic checks" [_thread_blocked, id=3196, stack(0x000000001a1a0000,0x000000001a2a0000)]
  0x0000000019664000 JavaThread "Incoming local TCP Connector on port 51225" [_thread_in_native, id=6668, stack(0x0000000019ff0000,0x000000001a0f0000)]
  0x000000001948c000 JavaThread "Daemon health stats" [_thread_blocked, id=7792, stack(0x0000000019cf0000,0x0000000019df0000)]
  0x0000000017ab2800 JavaThread "Service Thread" daemon [_thread_blocked, id=4788, stack(0x0000000018320000,0x0000000018420000)]
  0x0000000017a2c000 JavaThread "C1 CompilerThread2" daemon [_thread_blocked, id=5220, stack(0x0000000018220000,0x0000000018320000)]
=>0x0000000017a29000 JavaThread "C2 CompilerThread1" daemon [_thread_in_native, id=1344, stack(0x0000000018120000,0x0000000018220000)]
  0x000000001672c800 JavaThread "C2 CompilerThread0" daemon [_thread_in_native, id=7196, stack(0x0000000018020000,0x0000000018120000)]
  0x000000001672a800 JavaThread "Attach Listener" daemon [_thread_blocked, id=8688, stack(0x0000000017f20000,0x0000000018020000)]
  0x0000000017a28800 JavaThread "Signal Dispatcher" daemon [_thread_blocked, id=5880, stack(0x0000000017e20000,0x0000000017f20000)]
  0x00000000166ba800 JavaThread "Finalizer" daemon [_thread_blocked, id=4684, stack(0x0000000017920000,0x0000000017a20000)]
  0x0000000002d51000 JavaThread "Reference Handler" daemon [_thread_blocked, id=1440, stack(0x0000000017820000,0x0000000017920000)]
  0x0000000002c60800 JavaThread "main" [_thread_blocked, id=7092, stack(0x0000000002730000,0x0000000002830000)]

Other Threads:
  0x0000000016697000 VMThread [stack: 0x0000000017720000,0x0000000017820000] [id=5528]
  0x0000000017adb000 WatcherThread [stack: 0x0000000018420000,0x0000000018520000] [id=6412]

VM state:not at safepoint (normal execution)

VM Mutex/Monitor currently owned by a thread:  ([mutex/lock_event])
[0x000000000288bc90] SymbolTable_lock - owner thread: 0x0000000000000000

Heap:
 PSYoungGen      total 105984K, used 6795K [0x00000000e0000000, 0x00000000e7880000, 0x0000000100000000)
  eden space 93696K, 7% used [0x00000000e0000000,0x00000000e06a2d28,0x00000000e5b80000)
  from space 12288K, 0% used [0x00000000e6880000,0x00000000e6880000,0x00000000e7480000)
  to   space 13312K, 0% used [0x00000000e5b80000,0x00000000e5b80000,0x00000000e6880000)
 ParOldGen       total 95744K, used 18334K [0x00000000a0000000, 0x00000000a5d80000, 0x00000000e0000000)
  object space 95744K, 19% used [0x00000000a0000000,0x00000000a11e7970,0x00000000a5d80000)
 Metaspace       used 35565K, capacity 36400K, committed 36608K, reserved 1081344K
  class space    used 5010K, capacity 5281K, committed 5376K, reserved 1048576K

Card table byte_map: [0x0000000012120000,0x0000000012430000] byte_map_base: 0x0000000011c20000

Marking Bits: (ParMarkBitMap*) 0x000000005ab5c720
 Begin Bits: [0x0000000012a30000, 0x0000000014230000)
 End Bits:   [0x0000000014230000, 0x0000000015a30000)

Polling page: 0x0000000000b10000

CodeCache: size=245760Kb used=10153Kb max_used=10834Kb free=235606Kb
 bounds [0x0000000002d60000, 0x0000000003800000, 0x0000000011d60000]
 total_blobs=3600 nmethods=2899 adapters=613
 compilation: enabled

Compilation events (10 events):
Event: 6.699 Thread 0x0000000017a2c000 3110       3       com.google.common.collect.MapMakerInternalMap$Segment::getLiveEntry (7 bytes)
Event: 6.699 Thread 0x0000000017a2c000 nmethod 3110 0x0000000002f4cd90 code [0x0000000002f4cf00, 0x0000000002f4d108]
Event: 6.699 Thread 0x0000000017a2c000 3111       3       com.google.common.collect.MapMakerInternalMap$Segment::postReadCleanup (18 bytes)
Event: 6.699 Thread 0x0000000017a2c000 nmethod 3111 0x0000000002ea8010 code [0x0000000002ea8180, 0x0000000002ea8588]
Event: 6.700 Thread 0x0000000017a2c000 3112   !   3       com.google.common.collect.MapMakerInternalMap$Segment::get (58 bytes)
Event: 6.701 Thread 0x0000000017a2c000 nmethod 3112 0x0000000002f469d0 code [0x0000000002f46c40, 0x0000000002f48248]
Event: 6.701 Thread 0x0000000017a2c000 3113       3       com.google.common.collect.MapMakerInternalMap$WeakValueReferenceImpl::<init> (12 bytes)
Event: 6.701 Thread 0x0000000017a2c000 nmethod 3113 0x0000000002ea2490 code [0x0000000002ea2600, 0x0000000002ea2930]
Event: 6.703 Thread 0x0000000017a2c000 3114       3       java.lang.ClassLoader::findClass (9 bytes)
Event: 6.703 Thread 0x0000000017a2c000 nmethod 3114 0x0000000002f86750 code [0x0000000002f868c0, 0x0000000002f86aa8]

GC Heap History (10 events):
Event: 3.729 GC heap before
{Heap before GC invocations=6 (full 1):
 PSYoungGen      total 71680K, used 5118K [0x00000000e0000000, 0x00000000e4b00000, 0x0000000100000000)
  eden space 66560K, 0% used [0x00000000e0000000,0x00000000e0000000,0x00000000e4100000)
  from space 5120K, 99% used [0x00000000e4100000,0x00000000e45ffa90,0x00000000e4600000)
  to   space 5120K, 0% used [0x00000000e4600000,0x00000000e4600000,0x00000000e4b00000)
 ParOldGen       total 87552K, used 10343K [0x00000000a0000000, 0x00000000a5580000, 0x00000000e0000000)
  object space 87552K, 11% used [0x00000000a0000000,0x00000000a0a19c88,0x00000000a5580000)
 Metaspace       used 20653K, capacity 21028K, committed 21296K, reserved 1067008K
  class space    used 2956K, capacity 3101K, committed 3200K, reserved 1048576K
Event: 3.772 GC heap after
Heap after GC invocations=6 (full 1):
 PSYoungGen      total 71680K, used 0K [0x00000000e0000000, 0x00000000e4b00000, 0x0000000100000000)
  eden space 66560K, 0% used [0x00000000e0000000,0x00000000e0000000,0x00000000e4100000)
  from space 5120K, 0% used [0x00000000e4100000,0x00000000e4100000,0x00000000e4600000)
  to   space 5120K, 0% used [0x00000000e4600000,0x00000000e4600000,0x00000000e4b00000)
 ParOldGen       total 62976K, used 10296K [0x00000000a0000000, 0x00000000a3d80000, 0x00000000e0000000)
  object space 62976K, 16% used [0x00000000a0000000,0x00000000a0a0e2c8,0x00000000a3d80000)
 Metaspace       used 20653K, capacity 21028K, committed 21296K, reserved 1067008K
  class space    used 2956K, capacity 3101K, committed 3200K, reserved 1048576K
}
Event: 4.870 GC heap before
{Heap before GC invocations=7 (full 1):
 PSYoungGen      total 71680K, used 66560K [0x00000000e0000000, 0x00000000e4b00000, 0x0000000100000000)
  eden space 66560K, 100% used [0x00000000e0000000,0x00000000e4100000,0x00000000e4100000)
  from space 5120K, 0% used [0x00000000e4100000,0x00000000e4100000,0x00000000e4600000)
  to   space 5120K, 0% used [0x00000000e4600000,0x00000000e4600000,0x00000000e4b00000)
 ParOldGen       total 62976K, used 10296K [0x00000000a0000000, 0x00000000a3d80000, 0x00000000e0000000)
  object space 62976K, 16% used [0x00000000a0000000,0x00000000a0a0e2c8,0x00000000a3d80000)
 Metaspace       used 27665K, capacity 28198K, committed 28416K, reserved 1073152K
  class space    used 3860K, capacity 4012K, committed 4096K, reserved 1048576K
Event: 4.878 GC heap after
Heap after GC invocations=7 (full 1):
 PSYoungGen      total 65024K, used 5102K [0x00000000e0000000, 0x00000000e7c80000, 0x0000000100000000)
  eden space 59904K, 0% used [0x00000000e0000000,0x00000000e0000000,0x00000000e3a80000)
  from space 5120K, 99% used [0x00000000e4600000,0x00000000e4afbaf8,0x00000000e4b00000)
  to   space 11776K, 0% used [0x00000000e3a80000,0x00000000e3a80000,0x00000000e4600000)
 ParOldGen       total 62976K, used 13458K [0x00000000a0000000, 0x00000000a3d80000, 0x00000000e0000000)
  object space 62976K, 21% used [0x00000000a0000000,0x00000000a0d24890,0x00000000a3d80000)
 Metaspace       used 27665K, capacity 28198K, committed 28416K, reserved 1073152K
  class space    used 3860K, capacity 4012K, committed 4096K, reserved 1048576K
}
Event: 5.678 GC heap before
{Heap before GC invocations=8 (full 1):
 PSYoungGen      total 65024K, used 65006K [0x00000000e0000000, 0x00000000e7c80000, 0x0000000100000000)
  eden space 59904K, 100% used [0x00000000e0000000,0x00000000e3a80000,0x00000000e3a80000)
  from space 5120K, 99% used [0x00000000e4600000,0x00000000e4afbaf8,0x00000000e4b00000)
  to   space 11776K, 0% used [0x00000000e3a80000,0x00000000e3a80000,0x00000000e4600000)
 ParOldGen       total 62976K, used 13458K [0x00000000a0000000, 0x00000000a3d80000, 0x00000000e0000000)
  object space 62976K, 21% used [0x00000000a0000000,0x00000000a0d24890,0x00000000a3d80000)
 Metaspace       used 31334K, capacity 31896K, committed 32256K, reserved 1077248K
  class space    used 4394K, capacity 4579K, committed 4608K, reserved 1048576K
Event: 5.694 GC heap after
Heap after GC invocations=8 (full 1):
 PSYoungGen      total 71680K, used 9404K [0x00000000e0000000, 0x00000000e7480000, 0x0000000100000000)
  eden space 59904K, 0% used [0x00000000e0000000,0x00000000e0000000,0x00000000e3a80000)
  from space 11776K, 79% used [0x00000000e3a80000,0x00000000e43af2f0,0x00000000e4600000)
  to   space 12288K, 0% used [0x00000000e6880000,0x00000000e6880000,0x00000000e7480000)
 ParOldGen       total 62976K, used 13466K [0x00000000a0000000, 0x00000000a3d80000, 0x00000000e0000000)
  object space 62976K, 21% used [0x00000000a0000000,0x00000000a0d26890,0x00000000a3d80000)
 Metaspace       used 31334K, capacity 31896K, committed 32256K, reserved 1077248K
  class space    used 4394K, capacity 4579K, committed 4608K, reserved 1048576K
}
Event: 6.506 GC heap before
{Heap before GC invocations=9 (full 1):
 PSYoungGen      total 71680K, used 65268K [0x00000000e0000000, 0x00000000e7480000, 0x0000000100000000)
  eden space 59904K, 93% used [0x00000000e0000000,0x00000000e368df88,0x00000000e3a80000)
  from space 11776K, 79% used [0x00000000e3a80000,0x00000000e43af2f0,0x00000000e4600000)
  to   space 12288K, 0% used [0x00000000e6880000,0x00000000e6880000,0x00000000e7480000)
 ParOldGen       total 62976K, used 13466K [0x00000000a0000000, 0x00000000a3d80000, 0x00000000e0000000)
  object space 62976K, 21% used [0x00000000a0000000,0x00000000a0d26890,0x00000000a3d80000)
 Metaspace       used 34541K, capacity 35380K, committed 35496K, reserved 1079296K
  class space    used 4865K, capacity 5107K, committed 5120K, reserved 1048576K
Event: 6.526 GC heap after
Heap after GC invocations=9 (full 1):
 PSYoungGen      total 105984K, used 11613K [0x00000000e0000000, 0x00000000e7880000, 0x0000000100000000)
  eden space 93696K, 0% used [0x00000000e0000000,0x00000000e0000000,0x00000000e5b80000)
  from space 12288K, 94% used [0x00000000e6880000,0x00000000e73d7640,0x00000000e7480000)
  to   space 13312K, 0% used [0x00000000e5b80000,0x00000000e5b80000,0x00000000e6880000)
 ParOldGen       total 62976K, used 13474K [0x00000000a0000000, 0x00000000a3d80000, 0x00000000e0000000)
  object space 62976K, 21% used [0x00000000a0000000,0x00000000a0d28890,0x00000000a3d80000)
 Metaspace       used 34541K, capacity 35380K, committed 35496K, reserved 1079296K
  class space    used 4865K, capacity 5107K, committed 5120K, reserved 1048576K
}
Event: 6.526 GC heap before
{Heap before GC invocations=10 (full 2):
 PSYoungGen      total 105984K, used 11613K [0x00000000e0000000, 0x00000000e7880000, 0x0000000100000000)
  eden space 93696K, 0% used [0x00000000e0000000,0x00000000e0000000,0x00000000e5b80000)
  from space 12288K, 94% used [0x00000000e6880000,0x00000000e73d7640,0x00000000e7480000)
  to   space 13312K, 0% used [0x00000000e5b80000,0x00000000e5b80000,0x00000000e6880000)
 ParOldGen       total 62976K, used 13474K [0x00000000a0000000, 0x00000000a3d80000, 0x00000000e0000000)
  object space 62976K, 21% used [0x00000000a0000000,0x00000000a0d28890,0x00000000a3d80000)
 Metaspace       used 34541K, capacity 35380K, committed 35496K, reserved 1079296K
  class space    used 4865K, capacity 5107K, committed 5120K, reserved 1048576K
Event: 6.608 GC heap after
Heap after GC invocations=10 (full 2):
 PSYoungGen      total 105984K, used 0K [0x00000000e0000000, 0x00000000e7880000, 0x0000000100000000)
  eden space 93696K, 0% used [0x00000000e0000000,0x00000000e0000000,0x00000000e5b80000)
  from space 12288K, 0% used [0x00000000e6880000,0x00000000e6880000,0x00000000e7480000)
  to   space 13312K, 0% used [0x00000000e5b80000,0x00000000e5b80000,0x00000000e6880000)
 ParOldGen       total 95744K, used 18334K [0x00000000a0000000, 0x00000000a5d80000, 0x00000000e0000000)
  object space 95744K, 19% used [0x00000000a0000000,0x00000000a11e7970,0x00000000a5d80000)
 Metaspace       used 34538K, capacity 35368K, committed 35496K, reserved 1079296K
  class space    used 4864K, capacity 5105K, committed 5120K, reserved 1048576K
}

Deoptimization events (10 events):
Event: 6.174 Thread 0x0000000019cdd000 Uncommon trap: reason=unstable_if action=reinterpret pc=0x00000000036a7504 method=java.util.concurrent.ConcurrentHashMap.get(Ljava/lang/Object;)Ljava/lang/Object; @ 86
Event: 6.463 Thread 0x00000000195b2800 Uncommon trap: reason=bimorphic action=maybe_recompile pc=0x0000000003556e00 method=java.lang.ClassLoader.getPackage(Ljava/lang/String;)Ljava/lang/Package; @ 47
Event: 6.467 Thread 0x00000000195b2800 Uncommon trap: reason=bimorphic action=maybe_recompile pc=0x0000000003556e00 method=java.lang.ClassLoader.getPackage(Ljava/lang/String;)Ljava/lang/Package; @ 47
Event: 6.469 Thread 0x00000000195b2800 Uncommon trap: reason=bimorphic action=maybe_recompile pc=0x0000000003556e00 method=java.lang.ClassLoader.getPackage(Ljava/lang/String;)Ljava/lang/Package; @ 47
Event: 6.470 Thread 0x00000000195b2800 Uncommon trap: reason=bimorphic action=maybe_recompile pc=0x0000000003556e00 method=java.lang.ClassLoader.getPackage(Ljava/lang/String;)Ljava/lang/Package; @ 47
Event: 6.470 Thread 0x00000000195b2800 Uncommon trap: reason=bimorphic action=maybe_recompile pc=0x000000000352063c method=java.lang.ClassLoader.getPackage(Ljava/lang/String;)Ljava/lang/Package; @ 47
Event: 6.632 Thread 0x00000000195b2800 Uncommon trap: reason=class_check action=maybe_recompile pc=0x000000000372ca9c method=java.io.BufferedInputStream.read1([BII)I @ 39
Event: 6.632 Thread 0x00000000195b2800 Uncommon trap: reason=class_check action=maybe_recompile pc=0x000000000372ca9c method=java.io.BufferedInputStream.read1([BII)I @ 39
Event: 6.632 Thread 0x00000000195b2800 Uncommon trap: reason=class_check action=maybe_recompile pc=0x000000000372ca9c method=java.io.BufferedInputStream.read1([BII)I @ 39
Event: 6.634 Thread 0x00000000195b2800 Uncommon trap: reason=unstable_if action=reinterpret pc=0x00000000037ccf10 method=java.util.regex.Pattern.has(I)Z @ 6

Internal exceptions (10 events):
Event: 6.422 Thread 0x00000000195b2800 Exception <a 'java/lang/ClassNotFoundException': org/gradle/api/internal/AbstractTaskBeanInfo> (0x00000000e306fa28) thrown at [C:\re\workspace\8-2-build-windows-amd64-cygwin\jdk8u131\8869\hotspot\src\share\vm\classfile\systemDictionary.cpp, line 210]
Event: 6.422 Thread 0x00000000195b2800 Exception <a 'java/lang/ClassNotFoundException': org/gradle/api/internal/AbstractTaskCustomizer> (0x00000000e309edb8) thrown at [C:\re\workspace\8-2-build-windows-amd64-cygwin\jdk8u131\8869\hotspot\src\share\vm\classfile\systemDictionary.cpp, line 210]
Event: 6.425 Thread 0x00000000195b2800 Exception <a 'java/lang/ClassNotFoundException': org/gradle/api/DefaultTaskCustomizer> (0x00000000e31283a8) thrown at [C:\re\workspace\8-2-build-windows-amd64-cygwin\jdk8u131\8869\hotspot\src\share\vm\classfile\systemDictionary.cpp, line 210]
Event: 6.426 Thread 0x00000000195b2800 Exception <a 'java/lang/ClassNotFoundException': org/gradle/api/internal/ConventionTaskCustomizer> (0x00000000e3166eb8) thrown at [C:\re\workspace\8-2-build-windows-amd64-cygwin\jdk8u131\8869\hotspot\src\share\vm\classfile\systemDictionary.cpp, line 210]
Event: 6.428 Thread 0x00000000195b2800 Exception <a 'java/lang/ClassNotFoundException': org/gradle/api/tasks/DeleteCustomizer> (0x00000000e31a25d0) thrown at [C:\re\workspace\8-2-build-windows-amd64-cygwin\jdk8u131\8869\hotspot\src\share\vm\classfile\systemDictionary.cpp, line 210]
Event: 6.429 Thread 0x00000000195b2800 Exception <a 'java/lang/ClassNotFoundException': org/gradle/api/tasks/Delete_DecoratedCustomizer> (0x00000000e31ea848) thrown at [C:\re\workspace\8-2-build-windows-amd64-cygwin\jdk8u131\8869\hotspot\src\share\vm\classfile\systemDictionary.cpp, line 210]
Event: 6.450 Thread 0x00000000195b2800 Exception <a 'java/lang/ClassNotFoundException': build_2f0ocxe44464cr6fbs0rda7kkBeanInfo> (0x00000000e32e16d0) thrown at [C:\re\workspace\8-2-build-windows-amd64-cygwin\jdk8u131\8869\hotspot\src\share\vm\classfile\systemDictionary.cpp, line 210]
Event: 6.451 Thread 0x00000000195b2800 Exception <a 'java/lang/ClassNotFoundException': build_2f0ocxe44464cr6fbs0rda7kkCustomizer> (0x00000000e32ec928) thrown at [C:\re\workspace\8-2-build-windows-amd64-cygwin\jdk8u131\8869\hotspot\src\share\vm\classfile\systemDictionary.cpp, line 210]
Event: 6.460 Thread 0x00000000195b2800 Exception <a 'java/lang/ClassNotFoundException': org/gradle/api/internal/plugins/DefaultObjectConfigurationActionBeanInfo> (0x00000000e335bbf0) thrown at [C:\re\workspace\8-2-build-windows-amd64-cygwin\jdk8u131\8869\hotspot\src\share\vm\classfile\systemDi
Event: 6.460 Thread 0x00000000195b2800 Exception <a 'java/lang/ClassNotFoundException': org/gradle/api/internal/plugins/DefaultObjectConfigurationActionCustomizer> (0x00000000e33984e0) thrown at [C:\re\workspace\8-2-build-windows-amd64-cygwin\jdk8u131\8869\hotspot\src\share\vm\classfile\system

Events (10 events):
Event: 6.720 loading class javax/management/MBeanInfo done
Event: 6.720 loading class com/sun/jmx/mbeanserver/Util
Event: 6.721 loading class com/sun/jmx/mbeanserver/Util done
Event: 6.721 loading class javax/management/ObjectName
Event: 6.721 loading class javax/management/QueryExp
Event: 6.721 loading class javax/management/QueryExp done
Event: 6.721 loading class javax/management/ObjectName done
Event: 6.722 loading class javax/management/ObjectName$Property
Event: 6.722 loading class javax/management/ObjectName$Property done
Event: 6.722 loading class javax/management/MBeanAttributeInfo


Dynamic libraries:
0x00007ff66e930000 - 0x00007ff66e967000 	C:\bin\jdk1.8\bin\java.exe
0x00007ffd9f4a0000 - 0x00007ffd9f68d000 	C:\Windows\SYSTEM32\ntdll.dll
0x00007ffd9ed40000 - 0x00007ffd9edf3000 	C:\Windows\System32\KERNEL32.DLL
0x00007ffd9c2c0000 - 0x00007ffd9c553000 	C:\Windows\System32\KERNELBASE.dll
0x00007ffd9c6d0000 - 0x00007ffd9c773000 	C:\Windows\System32\ADVAPI32.dll
0x00007ffd9cad0000 - 0x00007ffd9cb6e000 	C:\Windows\System32\msvcrt.dll
0x00007ffd9d260000 - 0x00007ffd9d2fe000 	C:\Windows\System32\sechost.dll
0x00007ffd9ec10000 - 0x00007ffd9ed32000 	C:\Windows\System32\RPCRT4.dll
0x00007ffd9cff0000 - 0x00007ffd9d187000 	C:\Windows\System32\USER32.dll
0x00007ffd9c0a0000 - 0x00007ffd9c0c0000 	C:\Windows\System32\win32u.dll
0x00007ffd9f090000 - 0x00007ffd9f0b9000 	C:\Windows\System32\GDI32.dll
0x00007ffd9bea0000 - 0x00007ffd9c03a000 	C:\Windows\System32\gdi32full.dll
0x00007ffd9c630000 - 0x00007ffd9c6d0000 	C:\Windows\System32\msvcp_win.dll
0x00007ffd9c170000 - 0x00007ffd9c26a000 	C:\Windows\System32\ucrtbase.dll
0x00007ffd8d140000 - 0x00007ffd8d3b9000 	C:\Windows\WinSxS\amd64_microsoft.windows.common-controls_6595b64144ccf1df_6.0.17763.557_none_05b63f68071e5b9f\COMCTL32.dll
0x00007ffd9f130000 - 0x00007ffd9f45c000 	C:\Windows\System32\combase.dll
0x00007ffd9c5b0000 - 0x00007ffd9c62e000 	C:\Windows\System32\bcryptPrimitives.dll
0x00007ffd9d1a0000 - 0x00007ffd9d1ce000 	C:\Windows\System32\IMM32.DLL
0x000000005abe0000 - 0x000000005acb2000 	C:\bin\jdk1.8\jre\bin\msvcr100.dll
0x000000005a340000 - 0x000000005abdc000 	C:\bin\jdk1.8\jre\bin\server\jvm.dll
0x00007ffd9f460000 - 0x00007ffd9f468000 	C:\Windows\System32\PSAPI.DLL
0x00007ffd96ec0000 - 0x00007ffd96eca000 	C:\Windows\SYSTEM32\VERSION.dll
0x00007ffd98020000 - 0x00007ffd98029000 	C:\Windows\SYSTEM32\WSOCK32.dll
0x00007ffd990c0000 - 0x00007ffd990e4000 	C:\Windows\SYSTEM32\WINMM.dll
0x00007ffd9f0c0000 - 0x00007ffd9f12d000 	C:\Windows\System32\WS2_32.dll
0x00007ffd97f40000 - 0x00007ffd97f6d000 	C:\Windows\SYSTEM32\WINMMBASE.dll
0x00007ffd9c270000 - 0x00007ffd9c2ba000 	C:\Windows\System32\cfgmgr32.dll
0x000000005a330000 - 0x000000005a33f000 	C:\bin\jdk1.8\jre\bin\verify.dll
0x000000005a300000 - 0x000000005a329000 	C:\bin\jdk1.8\jre\bin\java.dll
0x000000005a2e0000 - 0x000000005a2f6000 	C:\bin\jdk1.8\jre\bin\zip.dll
0x00007ffd9d520000 - 0x00007ffd9ea10000 	C:\Windows\System32\SHELL32.dll
0x00007ffd9d300000 - 0x00007ffd9d3a8000 	C:\Windows\System32\shcore.dll
0x00007ffd9b750000 - 0x00007ffd9be9a000 	C:\Windows\System32\windows.storage.dll
0x00007ffd9b540000 - 0x00007ffd9b564000 	C:\Windows\System32\profapi.dll
0x00007ffd9b4c0000 - 0x00007ffd9b51d000 	C:\Windows\System32\powrprof.dll
0x00007ffd9c9f0000 - 0x00007ffd9ca42000 	C:\Windows\System32\shlwapi.dll
0x00007ffd9b4a0000 - 0x00007ffd9b4b1000 	C:\Windows\System32\kernel.appcore.dll
0x00007ffd9c560000 - 0x00007ffd9c577000 	C:\Windows\System32\cryptsp.dll
0x000000005a2c0000 - 0x000000005a2da000 	C:\bin\jdk1.8\jre\bin\net.dll
0x00007ffd9ad20000 - 0x00007ffd9ad87000 	C:\Windows\system32\mswsock.dll
0x000000005a2a0000 - 0x000000005a2b1000 	C:\bin\jdk1.8\jre\bin\nio.dll
0x00007ffd8eb80000 - 0x00007ffd8eb9e000 	C:\Users\zhc-2\.gradle\native\25\windows-amd64\native-platform.dll
0x000000005a290000 - 0x000000005a29d000 	C:\bin\jdk1.8\jre\bin\management.dll
0x00007ffd9a8e0000 - 0x00007ffd9a913000 	C:\Windows\system32\rsaenh.dll
0x00007ffd9c580000 - 0x00007ffd9c5a6000 	C:\Windows\System32\bcrypt.dll
0x00007ffd9b3a0000 - 0x00007ffd9b3c8000 	C:\Windows\SYSTEM32\USERENV.dll
0x00007ffd9aef0000 - 0x00007ffd9aefc000 	C:\Windows\SYSTEM32\CRYPTBASE.dll
0x00007ffd9aa80000 - 0x00007ffd9aabd000 	C:\Windows\SYSTEM32\IPHLPAPI.DLL
0x00007ffd9d1d0000 - 0x00007ffd9d1d8000 	C:\Windows\System32\NSI.dll
0x00007ffd921d0000 - 0x00007ffd921e6000 	C:\Windows\SYSTEM32\dhcpcsvc6.DLL
0x00007ffd92e80000 - 0x00007ffd92e9c000 	C:\Windows\SYSTEM32\dhcpcsvc.DLL
0x00007ffd9aac0000 - 0x00007ffd9ab86000 	C:\Windows\SYSTEM32\DNSAPI.dll

VM Arguments:
jvm_args: -Xmx1536m -Dfile.encoding=GBK -Duser.country=CN -Duser.language=zh -Duser.variant 
java_command: org.gradle.launcher.daemon.bootstrap.GradleDaemon 5.1.1
java_class_path (initial): C:\Users\zhc-2\.gradle\wrapper\dists\gradle-5.1.1-all\97z1ksx6lirer3kbvdnh7jtjg\gradle-5.1.1\lib\gradle-launcher-5.1.1.jar
Launcher Type: SUN_STANDARD

Environment Variables:
JAVA_HOME=C:\bin\jdk1.8
PATH=C:\Program Files (x86)\Common Files\Intel\Shared Libraries\redist\intel64\compiler;C:\Program Files (x86)\Common Files\Intel\Shared Libraries\redist\ia32\compiler;C:\Windows\system32;C:\Windows;C:\Windows\System32\Wbem;C:\Windows\System32\WindowsPowerShell\v1.0\;C:\Windows\System32\OpenSSH\;D:\Git\cmd;C:\Users\zhc-2\AppData\Local\Microsoft\WindowsApps;C:\bin\jdk1.8\bin;C:\bin\cmake-3.12.4-win64-x64\cmake-3.12.4-win64-x64\bin;C:\bin\mingw-w64\mingw-w64\i686-8.1.0-posix-dwarf-rt_v6-rev0\mingw32\bin;C:\code\code\C99\cmake-build-debug;C:\code\code\C99;C:\bin\platform-tools;D:\GitHub\bin;D:\nodejs;
USERNAME=zhc-2
OS=Windows_NT
PROCESSOR_IDENTIFIER=Intel64 Family 6 Model 142 Stepping 9, GenuineIntel



---------------  S Y S T E M  ---------------

OS: Windows 10.0 , 64 bit Build 17763 (10.0.17763.475)

CPU:total 4 (initial active 4) (2 cores per cpu, 2 threads per core) family 6 model 142 stepping 9, cmov, cx8, fxsr, mmx, sse, sse2, sse3, ssse3, sse4.1, sse4.2, popcnt, avx, avx2, aes, clmul, erms, 3dnowpref, lzcnt, ht, tsc, tscinvbit, bmi1, bmi2, adx

Memory: 4k page, physical 8296452k(991356k free), swap 8296452k(5616k free)

vm_info: Java HotSpot(TM) 64-Bit Server VM (25.131-b11) for windows-amd64 JRE (1.8.0_131-b11), built on Mar 15 2017 01:23:53 by "java_re" with MS VC++ 10.0 (VS2010)

time: Mon Jun 24 13:28:36 2019
elapsed time: 6 seconds (0d 0h 0m 6s)

