#
# There is insufficient memory for the Java Runtime Environment to continue.
# Native memory allocation (malloc) failed to allocate 1286336 bytes for Chunk::new
# Possible reasons:
#   The system is out of physical RAM or swap space
#   In 32 bit mode, the process size limit was hit
# Possible solutions:
#   Reduce memory load on the system
#   Increase physical memory or swap space
#   Check if swap backing store is full
#   Use 64 bit Java on a 64 bit OS
#   Decrease Java heap size (-Xmx/-Xms)
#   Decrease number of Java threads
#   Decrease Java thread stack sizes (-Xss)
#   Set larger code cache with -XX:ReservedCodeCacheSize=
# This output file may be truncated or incomplete.
#
#  Out of Memory Error (allocation.cpp:390), pid=3904, tid=0x0000000000000640
#
# JRE version: Java(TM) SE Runtime Environment (8.0_131-b11) (build 1.8.0_131-b11)
# Java VM: Java HotSpot(TM) 64-Bit Server VM (25.131-b11 mixed mode windows-amd64 compressed oops)
# Failed to write core dump. Minidumps are not enabled by default on client versions of Windows
#

---------------  T H R E A D  ---------------

Current thread (0x0000000013179800):  JavaThread "C2 CompilerThread0" daemon [_thread_in_native, id=1600, stack(0x0000000014ae0000,0x0000000014be0000)]

Stack: [0x0000000014ae0000,0x0000000014be0000]
[error occurred during error reporting (printing stack bounds), id 0xc0000005]

Native frames: (J=compiled Java code, j=interpreted, Vv=VM code, C=native code)


Current CompileTask:
C2:   2533  883       4       org.objectweb.asm.ClassReader::readCode (3575 bytes)


---------------  P R O C E S S  ---------------

Java Threads: ( => current thread )
  0x000000001456f800 JavaThread "Service Thread" daemon [_thread_blocked, id=10220, stack(0x0000000014de0000,0x0000000014ee0000)]
  0x0000000014507800 JavaThread "C1 CompilerThread2" daemon [_thread_blocked, id=832, stack(0x0000000014ce0000,0x0000000014de0000)]
  0x0000000014502000 JavaThread "C2 CompilerThread1" daemon [_thread_blocked, id=1576, stack(0x0000000014be0000,0x0000000014ce0000)]
=>0x0000000013179800 JavaThread "C2 CompilerThread0" daemon [_thread_in_native, id=1600, stack(0x0000000014ae0000,0x0000000014be0000)]
  0x0000000013178800 JavaThread "Attach Listener" daemon [_thread_blocked, id=7976, stack(0x00000000149e0000,0x0000000014ae0000)]
  0x00000000144f0800 JavaThread "Signal Dispatcher" daemon [_thread_blocked, id=9832, stack(0x00000000148e0000,0x00000000149e0000)]
  0x000000001310a800 JavaThread "Finalizer" daemon [_thread_blocked, id=356, stack(0x0000000014370000,0x0000000014470000)]
  0x0000000002d74000 JavaThread "Reference Handler" daemon [_thread_blocked, id=8028, stack(0x0000000014270000,0x0000000014370000)]
  0x0000000002c84000 JavaThread "main" [_thread_in_native, id=5200, stack(0x0000000002b80000,0x0000000002c80000)]

Other Threads:
  0x00000000130e6800 VMThread [stack: 0x0000000014170000,0x0000000014270000] [id=1672]
  0x00000000145ba000 WatcherThread [stack: 0x0000000014ee0000,0x0000000014fe0000] [id=9276]

VM state:not at safepoint (normal execution)

VM Mutex/Monitor currently owned by a thread: None

Heap:
 PSYoungGen      total 18944K, used 6238K [0x00000000feb00000, 0x0000000100000000, 0x0000000100000000)
  eden space 16384K, 22% used [0x00000000feb00000,0x00000000fee9a700,0x00000000ffb00000)
  from space 2560K, 99% used [0x00000000ffd80000,0x00000000ffffd3f8,0x0000000100000000)
  to   space 2560K, 0% used [0x00000000ffb00000,0x00000000ffb00000,0x00000000ffd80000)
 ParOldGen       total 44032K, used 4981K [0x00000000fc000000, 0x00000000feb00000, 0x00000000feb00000)
  object space 44032K, 11% used [0x00000000fc000000,0x00000000fc4dd458,0x00000000feb00000)
 Metaspace       used 8031K, capacity 8252K, committed 8576K, reserved 1056768K
  class space    used 943K, capacity 1034K, committed 1152K, reserved 1048576K

Card table byte_map: [0x0000000002b30000,0x0000000002b60000] byte_map_base: 0x0000000002350000

Marking Bits: (ParMarkBitMap*) 0x000000006eaec720
 Begin Bits: [0x0000000012560000, 0x0000000012660000)
 End Bits:   [0x0000000012660000, 0x0000000012760000)

Polling page: 0x0000000000b20000

CodeCache: size=245760Kb used=3617Kb max_used=3628Kb free=242142Kb
 bounds [0x0000000002d80000, 0x0000000003110000, 0x0000000011d80000]
 total_blobs=1292 nmethods=956 adapters=249
 compilation: enabled

Compilation events (10 events):
Event: 2.450 Thread 0x0000000014507800 nmethod 947 0x00000000030f23d0 code [0x00000000030f2540, 0x00000000030f2790]
Event: 2.451 Thread 0x0000000014507800  956       3       org.objectweb.asm.FieldWriter::getSize (262 bytes)
Event: 2.451 Thread 0x0000000014502000 nmethod 950 0x0000000003109910 code [0x0000000003109a60, 0x0000000003109dd8]
Event: 2.451 Thread 0x0000000014502000  954       4       org.objectweb.asm.Label::resolve (214 bytes)
Event: 2.452 Thread 0x0000000014507800 nmethod 956 0x0000000003107fd0 code [0x0000000003108260, 0x0000000003109168]
Event: 2.452 Thread 0x0000000014507800  957       3       org.objectweb.asm.FieldWriter::put (475 bytes)
Event: 2.453 Thread 0x0000000014507800 nmethod 957 0x000000000310a090 code [0x000000000310a420, 0x000000000310b778]
Event: 2.456 Thread 0x0000000014502000 nmethod 954 0x000000000310dad0 code [0x000000000310dc20, 0x000000000310df18]
Event: 2.456 Thread 0x0000000014502000  955       4       org.objectweb.asm.MethodVisitor::visitJumpInsn (17 bytes)
Event: 2.456 Thread 0x0000000014502000 nmethod 955 0x00000000030cac50 code [0x00000000030cad80, 0x00000000030cae18]

GC Heap History (4 events):
Event: 1.893 GC heap before
{Heap before GC invocations=1 (full 0):
 PSYoungGen      total 18944K, used 16384K [0x00000000feb00000, 0x0000000100000000, 0x0000000100000000)
  eden space 16384K, 100% used [0x00000000feb00000,0x00000000ffb00000,0x00000000ffb00000)
  from space 2560K, 0% used [0x00000000ffd80000,0x00000000ffd80000,0x0000000100000000)
  to   space 2560K, 0% used [0x00000000ffb00000,0x00000000ffb00000,0x00000000ffd80000)
 ParOldGen       total 44032K, used 0K [0x00000000fc000000, 0x00000000feb00000, 0x00000000feb00000)
  object space 44032K, 0% used [0x00000000fc000000,0x00000000fc000000,0x00000000feb00000)
 Metaspace       used 6884K, capacity 7090K, committed 7424K, reserved 1056768K
  class space    used 833K, capacity 903K, committed 1024K, reserved 1048576K
Event: 1.897 GC heap after
Heap after GC invocations=1 (full 0):
 PSYoungGen      total 18944K, used 2552K [0x00000000feb00000, 0x0000000100000000, 0x0000000100000000)
  eden space 16384K, 0% used [0x00000000feb00000,0x00000000feb00000,0x00000000ffb00000)
  from space 2560K, 99% used [0x00000000ffb00000,0x00000000ffd7e020,0x00000000ffd80000)
  to   space 2560K, 0% used [0x00000000ffd80000,0x00000000ffd80000,0x0000000100000000)
 ParOldGen       total 44032K, used 1135K [0x00000000fc000000, 0x00000000feb00000, 0x00000000feb00000)
  object space 44032K, 2% used [0x00000000fc000000,0x00000000fc11bd08,0x00000000feb00000)
 Metaspace       used 6884K, capacity 7090K, committed 7424K, reserved 1056768K
  class space    used 833K, capacity 903K, committed 1024K, reserved 1048576K
}
Event: 2.359 GC heap before
{Heap before GC invocations=2 (full 0):
 PSYoungGen      total 18944K, used 18936K [0x00000000feb00000, 0x0000000100000000, 0x0000000100000000)
  eden space 16384K, 100% used [0x00000000feb00000,0x00000000ffb00000,0x00000000ffb00000)
  from space 2560K, 99% used [0x00000000ffb00000,0x00000000ffd7e020,0x00000000ffd80000)
  to   space 2560K, 0% used [0x00000000ffd80000,0x00000000ffd80000,0x0000000100000000)
 ParOldGen       total 44032K, used 1135K [0x00000000fc000000, 0x00000000feb00000, 0x00000000feb00000)
  object space 44032K, 2% used [0x00000000fc000000,0x00000000fc11bd08,0x00000000feb00000)
 Metaspace       used 7980K, capacity 8252K, committed 8576K, reserved 1056768K
  class space    used 942K, capacity 1034K, committed 1152K, reserved 1048576K
Event: 2.367 GC heap after
Heap after GC invocations=2 (full 0):
 PSYoungGen      total 18944K, used 2548K [0x00000000feb00000, 0x0000000100000000, 0x0000000100000000)
  eden space 16384K, 0% used [0x00000000feb00000,0x00000000feb00000,0x00000000ffb00000)
  from space 2560K, 99% used [0x00000000ffd80000,0x00000000ffffd3f8,0x0000000100000000)
  to   space 2560K, 0% used [0x00000000ffb00000,0x00000000ffb00000,0x00000000ffd80000)
 ParOldGen       total 44032K, used 4981K [0x00000000fc000000, 0x00000000feb00000, 0x00000000feb00000)
  object space 44032K, 11% used [0x00000000fc000000,0x00000000fc4dd458,0x00000000feb00000)
 Metaspace       used 7980K, capacity 8252K, committed 8576K, reserved 1056768K
  class space    used 942K, capacity 1034K, committed 1152K, reserved 1048576K
}

Deoptimization events (10 events):
Event: 2.020 Thread 0x0000000002c84000 Uncommon trap: reason=class_check action=maybe_recompile pc=0x0000000002fc4970 method=com.google.common.collect.TransformedIterator.next()Ljava/lang/Object; @ 5
Event: 2.020 Thread 0x0000000002c84000 Uncommon trap: reason=class_check action=maybe_recompile pc=0x0000000002fb6150 method=com.google.common.collect.Iterators$7.transform(Ljava/lang/Object;)Ljava/lang/Object; @ 5
Event: 2.020 Thread 0x0000000002c84000 Uncommon trap: reason=class_check action=maybe_recompile pc=0x0000000002fbb92c method=com.google.common.collect.TransformedIterator.hasNext()Z @ 4
Event: 2.020 Thread 0x0000000002c84000 Uncommon trap: reason=class_check action=maybe_recompile pc=0x0000000002fc4970 method=com.google.common.collect.TransformedIterator.next()Ljava/lang/Object; @ 5
Event: 2.020 Thread 0x0000000002c84000 Uncommon trap: reason=class_check action=maybe_recompile pc=0x0000000002fb6150 method=com.google.common.collect.Iterators$7.transform(Ljava/lang/Object;)Ljava/lang/Object; @ 5
Event: 2.020 Thread 0x0000000002c84000 Uncommon trap: reason=class_check action=maybe_recompile pc=0x0000000002fc4970 method=com.google.common.collect.TransformedIterator.next()Ljava/lang/Object; @ 5
Event: 2.020 Thread 0x0000000002c84000 Uncommon trap: reason=class_check action=maybe_recompile pc=0x0000000002fb6150 method=com.google.common.collect.Iterators$7.transform(Ljava/lang/Object;)Ljava/lang/Object; @ 5
Event: 2.209 Thread 0x0000000002c84000 Uncommon trap: reason=unstable_if action=reinterpret pc=0x000000000304711c method=java.lang.String.<init>([CII)V @ 18
Event: 2.215 Thread 0x0000000002c84000 Uncommon trap: reason=unstable_if action=reinterpret pc=0x0000000003044024 method=java.lang.String.<init>([CII)V @ 18
Event: 2.291 Thread 0x0000000002c84000 Uncommon trap: reason=unstable_if action=reinterpret pc=0x000000000309c6e4 method=org.objectweb.asm.Item.isEqualTo(Lorg/objectweb/asm/Item;)Z @ 345

Internal exceptions (10 events):
Event: 2.129 Thread 0x0000000002c84000 Exception <a 'sun/nio/fs/WindowsException'> (0x00000000ff7c58a8) thrown at [C:\re\workspace\8-2-build-windows-amd64-cygwin\jdk8u131\8869\hotspot\src\share\vm\prims\jni.cpp, line 709]
Event: 2.129 Thread 0x0000000002c84000 Exception <a 'sun/nio/fs/WindowsException'> (0x00000000ff7c5da8) thrown at [C:\re\workspace\8-2-build-windows-amd64-cygwin\jdk8u131\8869\hotspot\src\share\vm\prims\jni.cpp, line 709]
Event: 2.197 Thread 0x0000000002c84000 Exception <a 'sun/nio/fs/WindowsException'> (0x00000000ff838158) thrown at [C:\re\workspace\8-2-build-windows-amd64-cygwin\jdk8u131\8869\hotspot\src\share\vm\prims\jni.cpp, line 709]
Event: 2.197 Thread 0x0000000002c84000 Exception <a 'sun/nio/fs/WindowsException'> (0x00000000ff838658) thrown at [C:\re\workspace\8-2-build-windows-amd64-cygwin\jdk8u131\8869\hotspot\src\share\vm\prims\jni.cpp, line 709]
Event: 2.272 Thread 0x0000000002c84000 Exception <a 'sun/nio/fs/WindowsException'> (0x00000000ff998ab8) thrown at [C:\re\workspace\8-2-build-windows-amd64-cygwin\jdk8u131\8869\hotspot\src\share\vm\prims\jni.cpp, line 709]
Event: 2.272 Thread 0x0000000002c84000 Exception <a 'sun/nio/fs/WindowsException'> (0x00000000ff998fb8) thrown at [C:\re\workspace\8-2-build-windows-amd64-cygwin\jdk8u131\8869\hotspot\src\share\vm\prims\jni.cpp, line 709]
Event: 2.358 Thread 0x0000000002c84000 Exception <a 'sun/nio/fs/WindowsException'> (0x00000000ffafbe98) thrown at [C:\re\workspace\8-2-build-windows-amd64-cygwin\jdk8u131\8869\hotspot\src\share\vm\prims\jni.cpp, line 709]
Event: 2.358 Thread 0x0000000002c84000 Exception <a 'sun/nio/fs/WindowsException'> (0x00000000ffafc398) thrown at [C:\re\workspace\8-2-build-windows-amd64-cygwin\jdk8u131\8869\hotspot\src\share\vm\prims\jni.cpp, line 709]
Event: 2.431 Thread 0x0000000002c84000 Exception <a 'sun/nio/fs/WindowsException'> (0x00000000fec6ecf8) thrown at [C:\re\workspace\8-2-build-windows-amd64-cygwin\jdk8u131\8869\hotspot\src\share\vm\prims\jni.cpp, line 709]
Event: 2.431 Thread 0x0000000002c84000 Exception <a 'sun/nio/fs/WindowsException'> (0x00000000fec6f1f8) thrown at [C:\re\workspace\8-2-build-windows-amd64-cygwin\jdk8u131\8869\hotspot\src\share\vm\prims\jni.cpp, line 709]

Events (10 events):
Event: 2.215 Thread 0x0000000002c84000 Uncommon trap: trap_request=0xffffff65 fr.pc=0x0000000003044024
Event: 2.215 Thread 0x0000000002c84000 DEOPT PACKING pc=0x0000000003044024 sp=0x0000000002c7e490
Event: 2.215 Thread 0x0000000002c84000 DEOPT UNPACKING pc=0x0000000002dc582a sp=0x0000000002c7e3b0 mode 2
Event: 2.287 loading class org/objectweb/asm/tree/TryCatchBlockNode
Event: 2.287 loading class org/objectweb/asm/tree/TryCatchBlockNode done
Event: 2.291 Thread 0x0000000002c84000 Uncommon trap: trap_request=0xffffff65 fr.pc=0x000000000309c6e4
Event: 2.291 Thread 0x0000000002c84000 DEOPT PACKING pc=0x000000000309c6e4 sp=0x0000000002c7dff0
Event: 2.291 Thread 0x0000000002c84000 DEOPT UNPACKING pc=0x0000000002dc582a sp=0x0000000002c7df88 mode 2
Event: 2.359 Executing VM operation: ParallelGCFailedAllocation
Event: 2.367 Executing VM operation: ParallelGCFailedAllocation done


Dynamic libraries:
0x00007ff6cf820000 - 0x00007ff6cf857000 	C:\bin\jdk1.8\bin\java.exe
0x00007ffd73b70000 - 0x00007ffd73d5d000 	C:\Windows\SYSTEM32\ntdll.dll
0x00007ffd717a0000 - 0x00007ffd71853000 	C:\Windows\System32\KERNEL32.DLL
0x00007ffd6fc40000 - 0x00007ffd6fed3000 	C:\Windows\System32\KERNELBASE.dll
0x00007ffd714a0000 - 0x00007ffd71543000 	C:\Windows\System32\ADVAPI32.dll
0x00007ffd71fc0000 - 0x00007ffd7205e000 	C:\Windows\System32\msvcrt.dll
0x00007ffd724d0000 - 0x00007ffd7256e000 	C:\Windows\System32\sechost.dll
0x00007ffd71020000 - 0x00007ffd71142000 	C:\Windows\System32\RPCRT4.dll
0x00007ffd71e20000 - 0x00007ffd71fb7000 	C:\Windows\System32\USER32.dll
0x00007ffd6fee0000 - 0x00007ffd6ff00000 	C:\Windows\System32\win32u.dll
0x00007ffd716c0000 - 0x00007ffd716e9000 	C:\Windows\System32\GDI32.dll
0x00007ffd6ffe0000 - 0x00007ffd7017a000 	C:\Windows\System32\gdi32full.dll
0x00007ffd70d00000 - 0x00007ffd70da0000 	C:\Windows\System32\msvcp_win.dll
0x00007ffd70180000 - 0x00007ffd7027a000 	C:\Windows\System32\ucrtbase.dll
0x00007ffd614f0000 - 0x00007ffd61769000 	C:\Windows\WinSxS\amd64_microsoft.windows.common-controls_6595b64144ccf1df_6.0.17763.557_none_05b63f68071e5b9f\COMCTL32.dll
0x00007ffd71150000 - 0x00007ffd7147c000 	C:\Windows\System32\combase.dll
0x00007ffd6ff00000 - 0x00007ffd6ff7e000 	C:\Windows\System32\bcryptPrimitives.dll
0x00007ffd71ce0000 - 0x00007ffd71d0e000 	C:\Windows\System32\IMM32.DLL
0x000000006eb70000 - 0x000000006ec42000 	C:\bin\jdk1.8\jre\bin\msvcr100.dll
0x000000006e2d0000 - 0x000000006eb6c000 	C:\bin\jdk1.8\jre\bin\server\jvm.dll
0x00007ffd72250000 - 0x00007ffd72258000 	C:\Windows\System32\PSAPI.DLL
0x00007ffd6dd40000 - 0x00007ffd6dd49000 	C:\Windows\SYSTEM32\WSOCK32.dll
0x00007ffd70e00000 - 0x00007ffd70e6d000 	C:\Windows\System32\WS2_32.dll
0x00007ffd6c680000 - 0x00007ffd6c6a4000 	C:\Windows\SYSTEM32\WINMM.dll
0x00007ffd6b9d0000 - 0x00007ffd6b9da000 	C:\Windows\SYSTEM32\VERSION.dll
0x00007ffd6c610000 - 0x00007ffd6c63d000 	C:\Windows\SYSTEM32\WINMMBASE.dll
0x00007ffd70ad0000 - 0x00007ffd70b1a000 	C:\Windows\System32\cfgmgr32.dll
0x000000006e2c0000 - 0x000000006e2cf000 	C:\bin\jdk1.8\jre\bin\verify.dll
0x000000006e290000 - 0x000000006e2b9000 	C:\bin\jdk1.8\jre\bin\java.dll
0x000000006e270000 - 0x000000006e286000 	C:\bin\jdk1.8\jre\bin\zip.dll
0x00007ffd72640000 - 0x00007ffd73b30000 	C:\Windows\System32\SHELL32.dll
0x00007ffd716f0000 - 0x00007ffd71798000 	C:\Windows\System32\shcore.dll
0x00007ffd702a0000 - 0x00007ffd709ea000 	C:\Windows\System32\windows.storage.dll
0x00007ffd6fb90000 - 0x00007ffd6fbb4000 	C:\Windows\System32\profapi.dll
0x00007ffd6fbe0000 - 0x00007ffd6fc3d000 	C:\Windows\System32\powrprof.dll
0x00007ffd71d10000 - 0x00007ffd71d62000 	C:\Windows\System32\shlwapi.dll
0x00007ffd6fb70000 - 0x00007ffd6fb81000 	C:\Windows\System32\kernel.appcore.dll
0x00007ffd70280000 - 0x00007ffd70297000 	C:\Windows\System32\cryptsp.dll
0x00007ffd6efb0000 - 0x00007ffd6efe3000 	C:\Windows\system32\rsaenh.dll
0x00007ffd70aa0000 - 0x00007ffd70ac6000 	C:\Windows\System32\bcrypt.dll
0x00007ffd6fa70000 - 0x00007ffd6fa98000 	C:\Windows\SYSTEM32\USERENV.dll
0x00007ffd6f5c0000 - 0x00007ffd6f5cc000 	C:\Windows\SYSTEM32\CRYPTBASE.dll
0x000000006e250000 - 0x000000006e26a000 	C:\bin\jdk1.8\jre\bin\net.dll
0x00007ffd6f3f0000 - 0x00007ffd6f457000 	C:\Windows\system32\mswsock.dll
0x00007ffd6f150000 - 0x00007ffd6f18d000 	C:\Windows\SYSTEM32\IPHLPAPI.DLL
0x00007ffd73b30000 - 0x00007ffd73b38000 	C:\Windows\System32\NSI.dll
0x00007ffd69610000 - 0x00007ffd69626000 	C:\Windows\SYSTEM32\dhcpcsvc6.DLL
0x00007ffd68e20000 - 0x00007ffd68e3c000 	C:\Windows\SYSTEM32\dhcpcsvc.DLL
0x00007ffd6f190000 - 0x00007ffd6f256000 	C:\Windows\SYSTEM32\DNSAPI.dll
0x000000006e230000 - 0x000000006e241000 	C:\bin\jdk1.8\jre\bin\nio.dll

VM Arguments:
jvm_args: -Djava.awt.headless=true -Xmx64M -Dfile.encoding=GBK -Duser.country=CN -Duser.language=zh -Duser.variant 
java_command: com.google.devtools.build.android.desugar.Desugar --input C:\code\code\Android\QMCFLAC\app\build\intermediates\transforms\stackFramesFixer\debug\5.jar --output C:\code\code\Android\QMCFLAC\app\build\intermediates\transforms\desugar\debug\6.jar --input C:\code\code\Android\QMCFLAC\app\build\intermediates\transforms\stackFramesFixer\debug\4.jar --output C:\code\code\Android\QMCFLAC\app\build\intermediates\transforms\desugar\debug\5.jar --input C:\code\code\Android\QMCFLAC\app\build\intermediates\transforms\stackFramesFixer\debug\28.jar --output C:\code\code\Android\QMCFLAC\app\build\intermediates\transforms\desugar\debug\29.jar --input C:\code\code\Android\QMCFLAC\app\build\intermediates\transforms\stackFramesFixer\debug\6.jar --output C:\code\code\Android\QMCFLAC\app\build\intermediates\transforms\desugar\debug\7.jar --input C:\code\code\Android\QMCFLAC\app\build\intermediates\transforms\stackFramesFixer\debug\7.jar --output C:\code\code\Android\QMCFLAC\app\build\intermediates\transforms\desugar\debug\8.jar --input C:\code\code\Android\QMCFLAC\app\build\intermediates\transforms\stackFramesFixer\debug\13.jar --output C:\code\code\Android\QMCFLAC\app\build\intermediates\transforms\desugar\debug\14.jar --input C:\code\code\Android\QMCFLAC\app\build\intermediates\transforms\stackFramesFixer\debug\8.jar --output C:\code\code\Android\QMCFLAC\app\build\intermediates\transforms\desugar\debug\9.jar --input C:\code\code\Android\QMCFLAC\app\build\intermediates\transforms\stackFramesFixer\debug\22.jar --output C:\code\code\Android\QMCFLAC\app\build\intermediates\transforms\desugar\debug\23.jar --input C:\code\code\Android\QMCFLAC\app\build\intermediates\transforms\stackFramesFixer\debug\20.jar --output C:\code\code\Android\QMCFLAC\app\build\intermediates\transforms\desugar\debug\21.jar --input C:\code\code\Android\QMCFLAC\app\build\intermediates\classes\debug --output C:\code\code\Android\QMCFLAC\app\build\intermediates\transforms\desugar\debug\0 --input C:\code\
java_class_path (initial): C:\Users\zhc-2\AppData\Local\Temp\desugar_deploy.jar1266436858616274491
Launcher Type: SUN_STANDARD

Environment Variables:
JAVA_HOME=C:\bin\jdk1.8
PATH=C:\Users\zhc-2\AppData\Local\JetBrains\Toolbox\apps\IDEA-U\ch-0\191.7479.19\bin\;C:\Program Files (x86)\Common Files\Intel\Shared Libraries\redist\intel64\compiler;C:\Program Files (x86)\Common Files\Intel\Shared Libraries\redist\ia32\compiler;C:\Windows\system32;C:\Windows;C:\Windows\System32\Wbem;C:\Windows\System32\WindowsPowerShell\v1.0\;C:\Windows\System32\OpenSSH\;D:\Git\cmd;C:\Users\zhc-2\AppData\Local\Microsoft\WindowsApps;C:\bin\jdk1.8\bin;C:\bin\cmake-3.12.4-win64-x64\cmake-3.12.4-win64-x64\bin;C:\bin\mingw-w64\mingw-w64\i686-8.1.0-posix-dwarf-rt_v6-rev0\mingw32\bin;C:\code\code\C99\cmake-build-debug;C:\code\code\C99;C:\bin\platform-tools;D:\GitHub\bin;D:\nodejs;
USERNAME=zhc-2
OS=Windows_NT
PROCESSOR_IDENTIFIER=Intel64 Family 6 Model 142 Stepping 9, GenuineIntel



---------------  S Y S T E M  ---------------

OS: Windows 10.0 , 64 bit Build 17763 (10.0.17763.475)

CPU:total 4 (initial active 4) (2 cores per cpu, 2 threads per core) family 6 model 142 stepping 9, cmov, cx8, fxsr, mmx, sse, sse2, sse3, ssse3, sse4.1, sse4.2, popcnt, avx, avx2, aes, clmul, erms, 3dnowpref, lzcnt, ht, tsc, tscinvbit, bmi1, bmi2, adx

Memory: 4k page, physical 8296452k(800600k free), swap 8296452k(4328k free)

vm_info: Java HotSpot(TM) 64-Bit Server VM (25.131-b11) for windows-amd64 JRE (1.8.0_131-b11), built on Mar 15 2017 01:23:53 by "java_re" with MS VC++ 10.0 (VS2010)

time: Mon Jun 24 15:29:39 2019
elapsed time: 2 seconds (0d 0h 0m 2s)

