#
# There is insufficient memory for the Java Runtime Environment to continue.
# Native memory allocation (malloc) failed to allocate 32744 bytes for ChunkPool::allocate
# Possible reasons:
#   The system is out of physical RAM or swap space
#   In 32 bit mode, the process size limit was hit
# Possible solutions:
#   Reduce memory load on the system
#   Increase physical memory or swap space
#   Check if swap backing store is full
#   Use 64 bit Java on a 64 bit OS
#   Decrease Java heap size (-Xmx/-Xms)
#   Decrease number of Java threads
#   Decrease Java thread stack sizes (-Xss)
#   Set larger code cache with -XX:ReservedCodeCacheSize=
# This output file may be truncated or incomplete.
#
#  Out of Memory Error (allocation.cpp:273), pid=5132, tid=0x0000000000001c94
#
# JRE version: Java(TM) SE Runtime Environment (8.0_131-b11) (build 1.8.0_131-b11)
# Java VM: Java HotSpot(TM) 64-Bit Server VM (25.131-b11 mixed mode windows-amd64 compressed oops)
# Failed to write core dump. Minidumps are not enabled by default on client versions of Windows
#

---------------  T H R E A D  ---------------

Current thread (0x0000000002e84000):  JavaThread "main" [_thread_in_vm, id=7316, stack(0x0000000002d80000,0x0000000002e80000)]

Stack: [0x0000000002d80000,0x0000000002e80000]
[error occurred during error reporting (printing stack bounds), id 0xc0000005]

Native frames: (J=compiled Java code, j=interpreted, Vv=VM code, C=native code)

Java frames: (J=compiled Java code, j=interpreted, Vv=VM code)
j  com.google.devtools.build.android.desugar.DefaultMethodClassFixer.visitMethod(ILjava/lang/String;Ljava/lang/String;Ljava/lang/String;[Ljava/lang/String;)Lorg/objectweb/asm/MethodVisitor;+41
j  org.objectweb.asm.ClassVisitor.visitMethod(ILjava/lang/String;Ljava/lang/String;Ljava/lang/String;[Ljava/lang/String;)Lorg/objectweb/asm/MethodVisitor;+18
j  com.google.devtools.build.android.desugar.InterfaceDesugaring.visitMethod(ILjava/lang/String;Ljava/lang/String;Ljava/lang/String;[Ljava/lang/String;)Lorg/objectweb/asm/MethodVisitor;+322
j  org.objectweb.asm.ClassReader.readMethod(Lorg/objectweb/asm/ClassVisitor;Lorg/objectweb/asm/Context;I)I+524
j  org.objectweb.asm.ClassReader.accept(Lorg/objectweb/asm/ClassVisitor;[Lorg/objectweb/asm/Attribute;I)V+1257
j  org.objectweb.asm.ClassReader.accept(Lorg/objectweb/asm/ClassVisitor;I)V+7
j  com.google.devtools.build.android.desugar.Desugar.desugarClassesInInput(Lcom/google/devtools/build/android/desugar/InputFileProvider;Lcom/google/devtools/build/android/desugar/OutputFileProvider;Ljava/lang/ClassLoader;Lcom/google/devtools/build/android/desugar/ClassReaderFactory;Lcom/google/devtools/build/android/desugar/DependencyCollector;Lcom/google/devtools/build/android/desugar/ClassReaderFactory;Lcom/google/devtools/build/android/desugar/ClassVsInterface;Lcom/google/common/collect/ImmutableSet$Builder;)V+136
j  com.google.devtools.build.android.desugar.Desugar.desugarOneInput(Lcom/google/devtools/build/android/desugar/Desugar$InputOutputPair;Lcom/google/devtools/build/android/desugar/IndexedInputs;Ljava/lang/ClassLoader;Lcom/google/devtools/build/android/desugar/ClassReaderFactory;)V+203
j  com.google.devtools.build.android.desugar.Desugar.desugar()V+166
j  com.google.devtools.build.android.desugar.Desugar.main([Ljava/lang/String;)V+46
v  ~StubRoutines::call_stub

---------------  P R O C E S S  ---------------

Java Threads: ( => current thread )
  0x00000000146b9000 JavaThread "Service Thread" daemon [_thread_blocked, id=2680, stack(0x0000000014f30000,0x0000000015030000)]
  0x000000001465f800 JavaThread "C1 CompilerThread2" daemon [_thread_in_native, id=7280, stack(0x0000000014e30000,0x0000000014f30000)]
  0x000000001333b800 JavaThread "C2 CompilerThread1" daemon [_thread_blocked, id=8468, stack(0x0000000014d30000,0x0000000014e30000)]
  0x0000000013339800 JavaThread "C2 CompilerThread0" daemon [_thread_blocked, id=5532, stack(0x0000000014c30000,0x0000000014d30000)]
  0x0000000013338800 JavaThread "Attach Listener" daemon [_thread_blocked, id=4236, stack(0x0000000014b30000,0x0000000014c30000)]
  0x0000000014640800 JavaThread "Signal Dispatcher" daemon [_thread_blocked, id=4940, stack(0x0000000014a30000,0x0000000014b30000)]
  0x0000000002f79000 JavaThread "Finalizer" daemon [_thread_blocked, id=1572, stack(0x0000000014530000,0x0000000014630000)]
  0x0000000002f74000 JavaThread "Reference Handler" daemon [_thread_blocked, id=3140, stack(0x0000000014430000,0x0000000014530000)]
=>0x0000000002e84000 JavaThread "main" [_thread_in_vm, id=7316, stack(0x0000000002d80000,0x0000000002e80000)]

Other Threads:
  0x00000000132a6800 VMThread [stack: 0x0000000014330000,0x0000000014430000] [id=10000]
  0x0000000014707000 WatcherThread [stack: 0x0000000015030000,0x0000000015130000] [id=4548]

VM state:not at safepoint (normal execution)

VM Mutex/Monitor currently owned by a thread: None

Heap:
 PSYoungGen      total 18944K, used 15825K [0x00000000feb00000, 0x0000000100000000, 0x0000000100000000)
  eden space 16384K, 81% used [0x00000000feb00000,0x00000000ff7f65a0,0x00000000ffb00000)
  from space 2560K, 99% used [0x00000000ffb00000,0x00000000ffd7e020,0x00000000ffd80000)
  to   space 2560K, 0% used [0x00000000ffd80000,0x00000000ffd80000,0x0000000100000000)
 ParOldGen       total 44032K, used 1144K [0x00000000fc000000, 0x00000000feb00000, 0x00000000feb00000)
  object space 44032K, 2% used [0x00000000fc000000,0x00000000fc11e378,0x00000000feb00000)
 Metaspace       used 7852K, capacity 8060K, committed 8320K, reserved 1056768K
  class space    used 938K, capacity 1034K, committed 1152K, reserved 1048576K

Card table byte_map: [0x0000000000b60000,0x0000000000b90000] byte_map_base: 0x0000000000380000

Marking Bits: (ParMarkBitMap*) 0x000000006eaec720
 Begin Bits: [0x0000000012740000, 0x0000000012840000)
 End Bits:   [0x0000000012840000, 0x0000000012940000)

Polling page: 0x00000000007f0000

CodeCache: size=245760Kb used=2822Kb max_used=2832Kb free=242938Kb
 bounds [0x0000000002f80000, 0x0000000003250000, 0x0000000011f80000]
 total_blobs=1134 nmethods=798 adapters=249
 compilation: enabled

Compilation events (10 events):
Event: 1.249 Thread 0x000000001465f800 nmethod 793 0x0000000003240d50 code [0x0000000003240ec0, 0x00000000032411c8]
Event: 1.249 Thread 0x000000001465f800  794       3       org.objectweb.asm.ByteVector::put12 (64 bytes)
Event: 1.250 Thread 0x000000001465f800 nmethod 794 0x00000000032412d0 code [0x0000000003241440, 0x00000000032416c8]
Event: 1.250 Thread 0x000000001465f800  795  s    3       java.io.BufferedOutputStream::write (35 bytes)
Event: 1.250 Thread 0x000000001465f800 nmethod 795 0x0000000003241850 code [0x00000000032419e0, 0x0000000003241ea8]
Event: 1.250 Thread 0x000000001465f800  796       3       java.util.LinkedHashMap$LinkedHashIterator::hasNext (13 bytes)
Event: 1.250 Thread 0x000000001465f800 nmethod 796 0x0000000003242090 code [0x00000000032421e0, 0x0000000003242390]
Event: 1.345 Thread 0x000000001465f800  797       3       org.objectweb.asm.ClassReader::readCode (3575 bytes)
Event: 1.345 Thread 0x000000001333b800  800       4       org.objectweb.asm.ClassReader::readInt (52 bytes)
Event: 1.346 Thread 0x000000001333b800 nmethod 800 0x0000000003245110 code [0x0000000003245240, 0x0000000003245338]

GC Heap History (2 events):
Event: 1.038 GC heap before
{Heap before GC invocations=1 (full 0):
 PSYoungGen      total 18944K, used 16384K [0x00000000feb00000, 0x0000000100000000, 0x0000000100000000)
  eden space 16384K, 100% used [0x00000000feb00000,0x00000000ffb00000,0x00000000ffb00000)
  from space 2560K, 0% used [0x00000000ffd80000,0x00000000ffd80000,0x0000000100000000)
  to   space 2560K, 0% used [0x00000000ffb00000,0x00000000ffb00000,0x00000000ffd80000)
 ParOldGen       total 44032K, used 0K [0x00000000fc000000, 0x00000000feb00000, 0x00000000feb00000)
  object space 44032K, 0% used [0x00000000fc000000,0x00000000fc000000,0x00000000feb00000)
 Metaspace       used 6902K, capacity 7090K, committed 7424K, reserved 1056768K
  class space    used 832K, capacity 903K, committed 1024K, reserved 1048576K
Event: 1.042 GC heap after
Heap after GC invocations=1 (full 0):
 PSYoungGen      total 18944K, used 2552K [0x00000000feb00000, 0x0000000100000000, 0x0000000100000000)
  eden space 16384K, 0% used [0x00000000feb00000,0x00000000feb00000,0x00000000ffb00000)
  from space 2560K, 99% used [0x00000000ffb00000,0x00000000ffd7e020,0x00000000ffd80000)
  to   space 2560K, 0% used [0x00000000ffd80000,0x00000000ffd80000,0x0000000100000000)
 ParOldGen       total 44032K, used 1144K [0x00000000fc000000, 0x00000000feb00000, 0x00000000feb00000)
  object space 44032K, 2% used [0x00000000fc000000,0x00000000fc11e378,0x00000000feb00000)
 Metaspace       used 6902K, capacity 7090K, committed 7424K, reserved 1056768K
  class space    used 832K, capacity 903K, committed 1024K, reserved 1048576K
}

Deoptimization events (10 events):
Event: 1.073 Thread 0x0000000002e84000 Uncommon trap: reason=unstable_if action=reinterpret pc=0x00000000031cb96c method=java.util.zip.ZipCoder.decoder()Ljava/nio/charset/CharsetDecoder; @ 4
Event: 1.144 Thread 0x0000000002e84000 Uncommon trap: reason=unstable_if action=reinterpret pc=0x00000000031c08a8 method=java.util.zip.ZipEntry.setExtra0([BZ)V @ 279
Event: 1.194 Thread 0x0000000002e84000 Uncommon trap: reason=class_check action=maybe_recompile pc=0x00000000031d4eac method=com.google.common.collect.TransformedIterator.hasNext()Z @ 4
Event: 1.194 Thread 0x0000000002e84000 Uncommon trap: reason=class_check action=maybe_recompile pc=0x00000000031bd690 method=com.google.common.collect.Iterators$7.transform(Ljava/lang/Object;)Ljava/lang/Object; @ 5
Event: 1.194 Thread 0x0000000002e84000 Uncommon trap: reason=class_check action=maybe_recompile pc=0x00000000031d4eac method=com.google.common.collect.TransformedIterator.hasNext()Z @ 4
Event: 1.194 Thread 0x0000000002e84000 Uncommon trap: reason=class_check action=maybe_recompile pc=0x00000000031d4eac method=com.google.common.collect.TransformedIterator.hasNext()Z @ 4
Event: 1.194 Thread 0x0000000002e84000 Uncommon trap: reason=class_check action=maybe_recompile pc=0x00000000031bd690 method=com.google.common.collect.Iterators$7.transform(Ljava/lang/Object;)Ljava/lang/Object; @ 5
Event: 1.194 Thread 0x0000000002e84000 Uncommon trap: reason=class_check action=maybe_recompile pc=0x00000000031d4eac method=com.google.common.collect.TransformedIterator.hasNext()Z @ 4
Event: 1.194 Thread 0x0000000002e84000 Uncommon trap: reason=class_check action=maybe_recompile pc=0x00000000031bd690 method=com.google.common.collect.Iterators$7.transform(Ljava/lang/Object;)Ljava/lang/Object; @ 5
Event: 1.194 Thread 0x0000000002e84000 Uncommon trap: reason=class_check action=maybe_recompile pc=0x00000000031bd690 method=com.google.common.collect.Iterators$7.transform(Ljava/lang/Object;)Ljava/lang/Object; @ 5

Internal exceptions (10 events):
Event: 1.073 Thread 0x0000000002e84000 Implicit null exception at 0x00000000031caf93 to 0x00000000031cb931
Event: 1.104 Thread 0x0000000002e84000 Exception <a 'sun/nio/fs/WindowsException'> (0x00000000ff363bc0) thrown at [C:\re\workspace\8-2-build-windows-amd64-cygwin\jdk8u131\8869\hotspot\src\share\vm\prims\jni.cpp, line 709]
Event: 1.104 Thread 0x0000000002e84000 Exception <a 'sun/nio/fs/WindowsException'> (0x00000000ff364190) thrown at [C:\re\workspace\8-2-build-windows-amd64-cygwin\jdk8u131\8869\hotspot\src\share\vm\prims\jni.cpp, line 709]
Event: 1.104 Thread 0x0000000002e84000 Exception <a 'sun/nio/fs/WindowsException'> (0x00000000ff364768) thrown at [C:\re\workspace\8-2-build-windows-amd64-cygwin\jdk8u131\8869\hotspot\src\share\vm\prims\jni.cpp, line 709]
Event: 1.104 Thread 0x0000000002e84000 Exception <a 'sun/nio/fs/WindowsException'> (0x00000000ff364f38) thrown at [C:\re\workspace\8-2-build-windows-amd64-cygwin\jdk8u131\8869\hotspot\src\share\vm\prims\jni.cpp, line 709]
Event: 1.114 Thread 0x0000000002e84000 Exception <a 'sun/nio/fs/WindowsException'> (0x00000000ff369ec8) thrown at [C:\re\workspace\8-2-build-windows-amd64-cygwin\jdk8u131\8869\hotspot\src\share\vm\prims\jni.cpp, line 709]
Event: 1.158 Thread 0x0000000002e84000 Exception <a 'sun/nio/fs/WindowsException'> (0x00000000ff522958) thrown at [C:\re\workspace\8-2-build-windows-amd64-cygwin\jdk8u131\8869\hotspot\src\share\vm\prims\jni.cpp, line 709]
Event: 1.158 Thread 0x0000000002e84000 Exception <a 'sun/nio/fs/WindowsException'> (0x00000000ff522ed8) thrown at [C:\re\workspace\8-2-build-windows-amd64-cygwin\jdk8u131\8869\hotspot\src\share\vm\prims\jni.cpp, line 709]
Event: 1.343 Thread 0x0000000002e84000 Exception <a 'sun/nio/fs/WindowsException'> (0x00000000ff786298) thrown at [C:\re\workspace\8-2-build-windows-amd64-cygwin\jdk8u131\8869\hotspot\src\share\vm\prims\jni.cpp, line 709]
Event: 1.343 Thread 0x0000000002e84000 Exception <a 'sun/nio/fs/WindowsException'> (0x00000000ff786798) thrown at [C:\re\workspace\8-2-build-windows-amd64-cygwin\jdk8u131\8869\hotspot\src\share\vm\prims\jni.cpp, line 709]

Events (10 events):
Event: 1.353 loading class org/objectweb/asm/tree/FrameNode
Event: 1.353 loading class org/objectweb/asm/tree/FrameNode done
Event: 1.354 loading class org/objectweb/asm/tree/LabelNode
Event: 1.354 loading class org/objectweb/asm/tree/LabelNode done
Event: 1.354 loading class org/objectweb/asm/tree/JumpInsnNode
Event: 1.354 loading class org/objectweb/asm/tree/JumpInsnNode done
Event: 1.354 loading class org/objectweb/asm/tree/IntInsnNode
Event: 1.354 loading class org/objectweb/asm/tree/IntInsnNode done
Event: 1.354 loading class org/objectweb/asm/tree/LdcInsnNode
Event: 1.354 loading class org/objectweb/asm/tree/LdcInsnNode done


Dynamic libraries:
0x00007ff6cf820000 - 0x00007ff6cf857000 	C:\bin\jdk1.8\bin\java.exe
0x00007ffd73b70000 - 0x00007ffd73d5d000 	C:\Windows\SYSTEM32\ntdll.dll
0x00007ffd717a0000 - 0x00007ffd71853000 	C:\Windows\System32\KERNEL32.DLL
0x00007ffd6fc40000 - 0x00007ffd6fed3000 	C:\Windows\System32\KERNELBASE.dll
0x00007ffd714a0000 - 0x00007ffd71543000 	C:\Windows\System32\ADVAPI32.dll
0x00007ffd71fc0000 - 0x00007ffd7205e000 	C:\Windows\System32\msvcrt.dll
0x00007ffd724d0000 - 0x00007ffd7256e000 	C:\Windows\System32\sechost.dll
0x00007ffd71020000 - 0x00007ffd71142000 	C:\Windows\System32\RPCRT4.dll
0x00007ffd71e20000 - 0x00007ffd71fb7000 	C:\Windows\System32\USER32.dll
0x00007ffd6fee0000 - 0x00007ffd6ff00000 	C:\Windows\System32\win32u.dll
0x00007ffd716c0000 - 0x00007ffd716e9000 	C:\Windows\System32\GDI32.dll
0x00007ffd6ffe0000 - 0x00007ffd7017a000 	C:\Windows\System32\gdi32full.dll
0x00007ffd70d00000 - 0x00007ffd70da0000 	C:\Windows\System32\msvcp_win.dll
0x00007ffd70180000 - 0x00007ffd7027a000 	C:\Windows\System32\ucrtbase.dll
0x00007ffd614f0000 - 0x00007ffd61769000 	C:\Windows\WinSxS\amd64_microsoft.windows.common-controls_6595b64144ccf1df_6.0.17763.557_none_05b63f68071e5b9f\COMCTL32.dll
0x00007ffd71150000 - 0x00007ffd7147c000 	C:\Windows\System32\combase.dll
0x00007ffd6ff00000 - 0x00007ffd6ff7e000 	C:\Windows\System32\bcryptPrimitives.dll
0x00007ffd71ce0000 - 0x00007ffd71d0e000 	C:\Windows\System32\IMM32.DLL
0x000000006eb70000 - 0x000000006ec42000 	C:\bin\jdk1.8\jre\bin\msvcr100.dll
0x000000006e2d0000 - 0x000000006eb6c000 	C:\bin\jdk1.8\jre\bin\server\jvm.dll
0x00007ffd72250000 - 0x00007ffd72258000 	C:\Windows\System32\PSAPI.DLL
0x00007ffd6dd40000 - 0x00007ffd6dd49000 	C:\Windows\SYSTEM32\WSOCK32.dll
0x00007ffd70e00000 - 0x00007ffd70e6d000 	C:\Windows\System32\WS2_32.dll
0x00007ffd6c680000 - 0x00007ffd6c6a4000 	C:\Windows\SYSTEM32\WINMM.dll
0x00007ffd6b9d0000 - 0x00007ffd6b9da000 	C:\Windows\SYSTEM32\VERSION.dll
0x00007ffd6c610000 - 0x00007ffd6c63d000 	C:\Windows\SYSTEM32\WINMMBASE.dll
0x00007ffd70ad0000 - 0x00007ffd70b1a000 	C:\Windows\System32\cfgmgr32.dll
0x000000006e2c0000 - 0x000000006e2cf000 	C:\bin\jdk1.8\jre\bin\verify.dll
0x000000006e290000 - 0x000000006e2b9000 	C:\bin\jdk1.8\jre\bin\java.dll
0x000000006e270000 - 0x000000006e286000 	C:\bin\jdk1.8\jre\bin\zip.dll
0x00007ffd72640000 - 0x00007ffd73b30000 	C:\Windows\System32\SHELL32.dll
0x00007ffd716f0000 - 0x00007ffd71798000 	C:\Windows\System32\shcore.dll
0x00007ffd702a0000 - 0x00007ffd709ea000 	C:\Windows\System32\windows.storage.dll
0x00007ffd6fb90000 - 0x00007ffd6fbb4000 	C:\Windows\System32\profapi.dll
0x00007ffd6fbe0000 - 0x00007ffd6fc3d000 	C:\Windows\System32\powrprof.dll
0x00007ffd71d10000 - 0x00007ffd71d62000 	C:\Windows\System32\shlwapi.dll
0x00007ffd6fb70000 - 0x00007ffd6fb81000 	C:\Windows\System32\kernel.appcore.dll
0x00007ffd70280000 - 0x00007ffd70297000 	C:\Windows\System32\cryptsp.dll
0x00007ffd6efb0000 - 0x00007ffd6efe3000 	C:\Windows\system32\rsaenh.dll
0x00007ffd70aa0000 - 0x00007ffd70ac6000 	C:\Windows\System32\bcrypt.dll
0x00007ffd6fa70000 - 0x00007ffd6fa98000 	C:\Windows\SYSTEM32\USERENV.dll
0x00007ffd6f5c0000 - 0x00007ffd6f5cc000 	C:\Windows\SYSTEM32\CRYPTBASE.dll
0x000000006e250000 - 0x000000006e26a000 	C:\bin\jdk1.8\jre\bin\net.dll
0x00007ffd6f3f0000 - 0x00007ffd6f457000 	C:\Windows\system32\mswsock.dll
0x00007ffd6f150000 - 0x00007ffd6f18d000 	C:\Windows\SYSTEM32\IPHLPAPI.DLL
0x00007ffd73b30000 - 0x00007ffd73b38000 	C:\Windows\System32\NSI.dll
0x00007ffd69610000 - 0x00007ffd69626000 	C:\Windows\SYSTEM32\dhcpcsvc6.DLL
0x00007ffd68e20000 - 0x00007ffd68e3c000 	C:\Windows\SYSTEM32\dhcpcsvc.DLL
0x00007ffd6f190000 - 0x00007ffd6f256000 	C:\Windows\SYSTEM32\DNSAPI.dll
0x000000006e230000 - 0x000000006e241000 	C:\bin\jdk1.8\jre\bin\nio.dll

VM Arguments:
jvm_args: -Djava.awt.headless=true -Xmx64M -Dfile.encoding=GBK -Duser.country=CN -Duser.language=zh -Duser.variant 
java_command: com.google.devtools.build.android.desugar.Desugar --input C:\code\code\Android\QMCFLAC\app\build\intermediates\transforms\stackFramesFixer\debug\24.jar --output C:\code\code\Android\QMCFLAC\app\build\intermediates\transforms\desugar\debug\25.jar --input C:\code\code\Android\QMCFLAC\app\build\intermediates\transforms\stackFramesFixer\debug\29.jar --output C:\code\code\Android\QMCFLAC\app\build\intermediates\transforms\desugar\debug\30.jar --input C:\code\code\Android\QMCFLAC\app\build\intermediates\transforms\stackFramesFixer\debug\18.jar --output C:\code\code\Android\QMCFLAC\app\build\intermediates\transforms\desugar\debug\19.jar --input C:\code\code\Android\QMCFLAC\app\build\intermediates\transforms\stackFramesFixer\debug\23.jar --output C:\code\code\Android\QMCFLAC\app\build\intermediates\transforms\desugar\debug\24.jar --input C:\code\code\Android\QMCFLAC\app\build\intermediates\transforms\stackFramesFixer\debug\17.jar --output C:\code\code\Android\QMCFLAC\app\build\intermediates\transforms\desugar\debug\18.jar --input C:\code\code\Android\QMCFLAC\app\build\intermediates\transforms\stackFramesFixer\debug\28.jar --output C:\code\code\Android\QMCFLAC\app\build\intermediates\transforms\desugar\debug\29.jar --input C:\code\code\Android\QMCFLAC\app\build\intermediates\transforms\stackFramesFixer\debug\11.jar --output C:\code\code\Android\QMCFLAC\app\build\intermediates\transforms\desugar\debug\12.jar --input C:\code\code\Android\QMCFLAC\app\build\intermediates\transforms\stackFramesFixer\debug\26.jar --output C:\code\code\Android\QMCFLAC\app\build\intermediates\transforms\desugar\debug\27.jar --input C:\code\code\Android\QMCFLAC\app\build\intermediates\transforms\stackFramesFixer\debug\15.jar --output C:\code\code\Android\QMCFLAC\app\build\intermediates\transforms\desugar\debug\16.jar --input C:\code\code\Android\QMCFLAC\app\build\intermediates\transforms\stackFramesFixer\debug\3.jar --output C:\code\code\Android\QMCFLAC\app\build\intermediates\transfo
java_class_path (initial): C:\Users\zhc-2\AppData\Local\Temp\desugar_deploy.jar1266436858616274491
Launcher Type: SUN_STANDARD

Environment Variables:
JAVA_HOME=C:\bin\jdk1.8
PATH=C:\Users\zhc-2\AppData\Local\JetBrains\Toolbox\apps\IDEA-U\ch-0\191.7479.19\bin\;C:\Program Files (x86)\Common Files\Intel\Shared Libraries\redist\intel64\compiler;C:\Program Files (x86)\Common Files\Intel\Shared Libraries\redist\ia32\compiler;C:\Windows\system32;C:\Windows;C:\Windows\System32\Wbem;C:\Windows\System32\WindowsPowerShell\v1.0\;C:\Windows\System32\OpenSSH\;D:\Git\cmd;C:\Users\zhc-2\AppData\Local\Microsoft\WindowsApps;C:\bin\jdk1.8\bin;C:\bin\cmake-3.12.4-win64-x64\cmake-3.12.4-win64-x64\bin;C:\bin\mingw-w64\mingw-w64\i686-8.1.0-posix-dwarf-rt_v6-rev0\mingw32\bin;C:\code\code\C99\cmake-build-debug;C:\code\code\C99;C:\bin\platform-tools;D:\GitHub\bin;D:\nodejs;
USERNAME=zhc-2
OS=Windows_NT
PROCESSOR_IDENTIFIER=Intel64 Family 6 Model 142 Stepping 9, GenuineIntel



---------------  S Y S T E M  ---------------

OS: Windows 10.0 , 64 bit Build 17763 (10.0.17763.475)

CPU:total 4 (initial active 4) (2 cores per cpu, 2 threads per core) family 6 model 142 stepping 9, cmov, cx8, fxsr, mmx, sse, sse2, sse3, ssse3, sse4.1, sse4.2, popcnt, avx, avx2, aes, clmul, erms, 3dnowpref, lzcnt, ht, tsc, tscinvbit, bmi1, bmi2, adx

Memory: 4k page, physical 8296452k(876084k free), swap 8296452k(5124k free)

vm_info: Java HotSpot(TM) 64-Bit Server VM (25.131-b11) for windows-amd64 JRE (1.8.0_131-b11), built on Mar 15 2017 01:23:53 by "java_re" with MS VC++ 10.0 (VS2010)

time: Mon Jun 24 15:31:36 2019
elapsed time: 1 seconds (0d 0h 0m 1s)

